<?xml version="1.0" encoding="UTF-8"?>
<!-- Generated by org.testng.reporters.JUnitReportReporter -->
<testsuite hostname="DESKTOP-BQGPUN3" failures="0" tests="1" name="com.inetbanking.testCases.TC_LoginTest_001" time="1.984" errors="0" timestamp="2023-08-09T20:30:48 IST" skipped="0">
  <testcase classname="com.inetbanking.testCases.TC_LoginTest_001" name="loginTest" time="1.984"/>
</testsuite> <!-- com.inetbanking.testCases.TC_LoginTest_001 -->
