<?xml version="1.0" encoding="UTF-8"?>
<!-- Generated by org.testng.reporters.JUnitReportReporter -->
<testsuite hostname="DESKTOP-BQGPUN3" failures="0" tests="1" name="com.inetbanking.testCases.TC_AddCustomerTest_003" time="17.719" errors="0" timestamp="2023-08-09T23:12:22 IST" skipped="0">
  <testcase classname="com.inetbanking.testCases.TC_AddCustomerTest_003" name="addNewCustomer" time="17.719"/>
</testsuite> <!-- com.inetbanking.testCases.TC_AddCustomerTest_003 -->
