<?xml version="1.0" encoding="UTF-8"?>
<!-- Generated by org.testng.reporters.JUnitReportReporter -->
<testsuite hostname="DESKTOP-BQGPUN3" failures="0" tests="1" name="com.inetbanking.testCases.TC_LoginTest_001" time="2.591" errors="0" timestamp="2023-08-15T15:03:51 IST" skipped="0">
  <testcase classname="com.inetbanking.testCases.TC_LoginTest_001" name="loginTest" time="2.591"/>
</testsuite> <!-- com.inetbanking.testCases.TC_LoginTest_001 -->
