<?xml version="1.0" encoding="UTF-8"?>
<!-- Generated by org.testng.reporters.JUnitReportReporter -->
<testsuite hostname="DESKTOP-BQGPUN3" failures="0" tests="1" name="com.inetbanking.testCases.TC_AddCustomerTest_003" time="25.589" errors="0" timestamp="2023-08-15T15:03:51 IST" skipped="0">
  <testcase classname="com.inetbanking.testCases.TC_AddCustomerTest_003" name="addNewCustomer" time="25.589"/>
</testsuite> <!-- com.inetbanking.testCases.TC_AddCustomerTest_003 -->
